Zkp-App/android/app/build/intermediates/manifest_merge_blame_file/release/manifest-merger-blame-release-report.txt
1<?xml version="1.0" encoding="utf-8"?>
2<manifest xmlns:android="http://schemas.android.com/apk/res/android"
3    package="com.example.zkpapp"
4    android:versionCode="1"
5    android:versionName="1.0" >
6
7    <uses-sdk
8        android:minSdkVersion="24"
9        android:targetSdkVersion="34" />
10
11    <uses-permission android:name="android.permission.INTERNET" />
11-->src/main/AndroidManifest.xml:5:5-67
11-->src/main/AndroidManifest.xml:5:22-64
12    <uses-permission android:name="android.permission.ACCESS_NETWORK_STATE" />
12-->src/main/AndroidManifest.xml:6:5-79
12-->src/main/AndroidManifest.xml:6:22-76
13    <uses-permission android:name="android.permission.CAMERA" />
13-->src/main/AndroidManifest.xml:7:5-65
13-->src/main/AndroidManifest.xml:7:22-62
14    <uses-permission android:name="android.permission.NFC" />
14-->src/main/AndroidManifest.xml:8:5-62
14-->src/main/AndroidManifest.xml:8:22-59
15    <uses-permission android:name="android.permission.VIBRATE" />
15-->src/main/AndroidManifest.xml:9:5-66
15-->src/main/AndroidManifest.xml:9:22-63
16    <uses-permission android:name="android.permission.WAKE_LOCK" />
16-->src/main/AndroidManifest.xml:10:5-68
16-->src/main/AndroidManifest.xml:10:22-65
17    <uses-permission
17-->src/main/AndroidManifest.xml:11:5-12:38
18        android:name="android.permission.READ_EXTERNAL_STORAGE"
18-->src/main/AndroidManifest.xml:11:22-77
19        android:maxSdkVersion="32" />
19-->src/main/AndroidManifest.xml:12:9-35
20    <uses-permission
20-->src/main/AndroidManifest.xml:13:5-15:40
21        android:name="android.permission.WRITE_EXTERNAL_STORAGE"
21-->src/main/AndroidManifest.xml:13:22-78
22        android:maxSdkVersion="28" />
22-->src/main/AndroidManifest.xml:14:9-35
23
24    <uses-feature
24-->src/main/AndroidManifest.xml:17:5-19:36
25        android:name="android.hardware.nfc"
25-->src/main/AndroidManifest.xml:18:9-44
26        android:required="false" />
26-->src/main/AndroidManifest.xml:19:9-33
27    <uses-feature
27-->src/main/AndroidManifest.xml:20:5-22:35
28        android:name="android.hardware.camera"
28-->src/main/AndroidManifest.xml:21:9-47
29        android:required="true" />
29-->src/main/AndroidManifest.xml:22:9-32
30    <uses-feature
30-->src/main/AndroidManifest.xml:23:5-25:36
31        android:name="android.hardware.camera.autofocus"
31-->src/main/AndroidManifest.xml:24:9-57
32        android:required="false" />
32-->src/main/AndroidManifest.xml:25:9-33
33
34    <uses-permission android:name="android.permission.USE_BIOMETRIC" /> <!-- suppress DeprecatedClassUsageInspection -->
34-->[androidx.biometric:biometric:1.2.0-alpha04] AndroidManifest.xml:24:5-72
34-->[androidx.biometric:biometric:1.2.0-alpha04] AndroidManifest.xml:24:22-69
35    <uses-permission android:name="android.permission.USE_FINGERPRINT" />
35-->[androidx.biometric:biometric:1.2.0-alpha04] AndroidManifest.xml:27:5-74
35-->[androidx.biometric:biometric:1.2.0-alpha04] AndroidManifest.xml:27:22-71
36
37    <permission
37-->[androidx.core:core:1.13.0] AndroidManifest.xml:22:5-24:47
38        android:name="com.example.zkpapp.DYNAMIC_RECEIVER_NOT_EXPORTED_PERMISSION"
38-->[androidx.core:core:1.13.0] AndroidManifest.xml:23:9-81
39        android:protectionLevel="signature" />
39-->[androidx.core:core:1.13.0] AndroidManifest.xml:24:9-44
40
41    <uses-permission android:name="com.example.zkpapp.DYNAMIC_RECEIVER_NOT_EXPORTED_PERMISSION" />
41-->[androidx.core:core:1.13.0] AndroidManifest.xml:26:5-97
41-->[androidx.core:core:1.13.0] AndroidManifest.xml:26:22-94
42
43    <uses-feature
43-->[com.journeyapps:zxing-android-embedded:4.3.0] AndroidManifest.xml:28:5-30:36
44        android:name="android.hardware.camera.front"
44-->[com.journeyapps:zxing-android-embedded:4.3.0] AndroidManifest.xml:29:9-53
45        android:required="false" />
45-->[com.journeyapps:zxing-android-embedded:4.3.0] AndroidManifest.xml:30:9-33
46    <uses-feature
46-->[com.journeyapps:zxing-android-embedded:4.3.0] AndroidManifest.xml:36:5-38:36
47        android:name="android.hardware.camera.flash"
47-->[com.journeyapps:zxing-android-embedded:4.3.0] AndroidManifest.xml:37:9-53
48        android:required="false" />
48-->[com.journeyapps:zxing-android-embedded:4.3.0] AndroidManifest.xml:38:9-33
49    <uses-feature
49-->[com.journeyapps:zxing-android-embedded:4.3.0] AndroidManifest.xml:39:5-41:36
50        android:name="android.hardware.screen.landscape"
50-->[com.journeyapps:zxing-android-embedded:4.3.0] AndroidManifest.xml:40:9-57
51        android:required="false" />
51-->[com.journeyapps:zxing-android-embedded:4.3.0] AndroidManifest.xml:41:9-33
52    <uses-feature
52-->[com.journeyapps:zxing-android-embedded:4.3.0] AndroidManifest.xml:42:5-44:36
53        android:name="android.hardware.wifi"
53-->[com.journeyapps:zxing-android-embedded:4.3.0] AndroidManifest.xml:43:9-45
54        android:required="false" />
54-->[com.journeyapps:zxing-android-embedded:4.3.0] AndroidManifest.xml:44:9-33
55
56    <application
56-->src/main/AndroidManifest.xml:27:5-126:19
57        android:name="com.example.zkpapp.ZkpApplication"
57-->src/main/AndroidManifest.xml:28:9-39
58        android:allowBackup="true"
58-->src/main/AndroidManifest.xml:29:9-35
59        android:appComponentFactory="androidx.core.app.CoreComponentFactory"
59-->[androidx.core:core:1.13.0] AndroidManifest.xml:28:18-86
60        android:extractNativeLibs="false"
61        android:hardwareAccelerated="true"
61-->src/main/AndroidManifest.xml:35:9-43
62        android:icon="@mipmap/ic_launcher"
62-->src/main/AndroidManifest.xml:30:9-43
63        android:label="ZKP Mobile"
63-->src/main/AndroidManifest.xml:32:9-35
64        android:largeHeap="true"
64-->src/main/AndroidManifest.xml:36:9-33
65        android:roundIcon="@mipmap/ic_launcher_round"
65-->src/main/AndroidManifest.xml:31:9-54
66        android:supportsRtl="true"
66-->src/main/AndroidManifest.xml:33:9-35
67        android:theme="@style/Theme.AppCompat.Light.NoActionBar" >
67-->src/main/AndroidManifest.xml:34:9-65
68        <activity
68-->src/main/AndroidManifest.xml:39:9-43:52
69            android:name="com.example.zkpapp.MainActivity"
69-->src/main/AndroidManifest.xml:40:13-41
70            android:exported="false"
70-->src/main/AndroidManifest.xml:41:13-37
71            android:launchMode="singleTop"
71-->src/main/AndroidManifest.xml:42:13-43
72            android:screenOrientation="portrait" />
72-->src/main/AndroidManifest.xml:43:13-49
73        <activity
73-->src/main/AndroidManifest.xml:45:9-49:66
74            android:name="com.example.zkpapp.QrLoginActivity"
74-->src/main/AndroidManifest.xml:46:13-44
75            android:exported="false"
75-->src/main/AndroidManifest.xml:47:13-37
76            android:screenOrientation="portrait"
76-->src/main/AndroidManifest.xml:48:13-49
77            android:theme="@style/Theme.AppCompat.NoActionBar" />
77-->src/main/AndroidManifest.xml:49:13-63
78        <activity
78-->src/main/AndroidManifest.xml:51:9-57:77
79            android:name="com.example.zkpapp.OfflineMenuActivity"
79-->src/main/AndroidManifest.xml:52:13-48
80            android:configChanges="orientation|screenSize|keyboardHidden"
80-->src/main/AndroidManifest.xml:57:13-74
81            android:exported="false"
81-->src/main/AndroidManifest.xml:53:13-37
82            android:keepScreenOn="true"
82-->src/main/AndroidManifest.xml:56:13-40
83            android:screenOrientation="portrait"
83-->src/main/AndroidManifest.xml:54:13-49
84            android:theme="@style/Theme.AppCompat.NoActionBar" />
84-->src/main/AndroidManifest.xml:55:13-63
85        <activity
85-->src/main/AndroidManifest.xml:59:9-64:77
86            android:name="com.example.zkpapp.VerifierActivity"
86-->src/main/AndroidManifest.xml:60:13-45
87            android:configChanges="orientation|screenSize|keyboardHidden"
87-->src/main/AndroidManifest.xml:64:13-74
88            android:exported="false"
88-->src/main/AndroidManifest.xml:61:13-37
89            android:screenOrientation="portrait"
89-->src/main/AndroidManifest.xml:62:13-49
90            android:theme="@style/Theme.AppCompat.NoActionBar" />
90-->src/main/AndroidManifest.xml:63:13-63
91        <activity
91-->src/main/AndroidManifest.xml:66:9-71:58
92            android:name="com.example.zkpapp.LoginActivity"
92-->src/main/AndroidManifest.xml:67:13-42
93            android:exported="false"
93-->src/main/AndroidManifest.xml:68:13-37
94            android:screenOrientation="portrait"
94-->src/main/AndroidManifest.xml:69:13-49
95            android:theme="@style/Theme.AppCompat.NoActionBar"
95-->src/main/AndroidManifest.xml:70:13-63
96            android:windowSoftInputMode="adjustResize" />
96-->src/main/AndroidManifest.xml:71:13-55
97        <activity
97-->src/main/AndroidManifest.xml:73:9-79:62
98            android:name="com.example.zkpapp.PortraitCaptureActivity"
98-->src/main/AndroidManifest.xml:74:13-52
99            android:configChanges="orientation|screenSize"
99-->src/main/AndroidManifest.xml:79:13-59
100            android:exported="false"
100-->src/main/AndroidManifest.xml:75:13-37
101            android:screenOrientation="portrait"
101-->src/main/AndroidManifest.xml:76:13-49
102            android:stateNotNeeded="true"
102-->src/main/AndroidManifest.xml:77:13-42
103            android:theme="@style/Theme.AppCompat.NoActionBar" />
103-->src/main/AndroidManifest.xml:78:13-63
104        <activity
104-->src/main/AndroidManifest.xml:81:9-86:62
105            android:name="com.example.zkpapp.CameraActivity"
105-->src/main/AndroidManifest.xml:82:13-43
106            android:configChanges="orientation|screenSize"
106-->src/main/AndroidManifest.xml:86:13-59
107            android:exported="false"
107-->src/main/AndroidManifest.xml:83:13-37
108            android:screenOrientation="portrait"
108-->src/main/AndroidManifest.xml:84:13-49
109            android:theme="@style/Theme.AppCompat.NoActionBar" />
109-->src/main/AndroidManifest.xml:85:13-63
110        <activity
110-->src/main/AndroidManifest.xml:88:9-92:46
111            android:name="com.example.zkpapp.ErrorActivity"
111-->src/main/AndroidManifest.xml:89:13-42
112            android:exported="false"
112-->src/main/AndroidManifest.xml:90:13-37
113            android:launchMode="singleTop"
113-->src/main/AndroidManifest.xml:92:13-43
114            android:theme="@style/Theme.AppCompat.NoActionBar" />
114-->src/main/AndroidManifest.xml:91:13-63
115        <activity
115-->src/main/AndroidManifest.xml:94:9-98:66
116            android:name="com.example.zkpapp.TestProofActivity"
116-->src/main/AndroidManifest.xml:95:13-46
117            android:exported="false"
117-->src/main/AndroidManifest.xml:96:13-37
118            android:screenOrientation="portrait"
118-->src/main/AndroidManifest.xml:97:13-49
119            android:theme="@style/Theme.AppCompat.NoActionBar" />
119-->src/main/AndroidManifest.xml:98:13-63
120        <activity
120-->src/main/AndroidManifest.xml:100:9-115:20
121            android:name="com.example.zkpapp.PassportActivity"
121-->src/main/AndroidManifest.xml:101:13-45
122            android:exported="false"
122-->src/main/AndroidManifest.xml:102:13-37
123            android:launchMode="singleTop"
123-->src/main/AndroidManifest.xml:103:13-43
124            android:screenOrientation="portrait"
124-->src/main/AndroidManifest.xml:104:13-49
125            android:theme="@style/Theme.AppCompat.NoActionBar"
125-->src/main/AndroidManifest.xml:105:13-63
126            android:windowSoftInputMode="adjustResize" >
126-->src/main/AndroidManifest.xml:106:13-55
127            <intent-filter>
127-->src/main/AndroidManifest.xml:108:13-111:29
128                <action android:name="android.nfc.action.TECH_DISCOVERED" />
128-->src/main/AndroidManifest.xml:109:17-77
128-->src/main/AndroidManifest.xml:109:25-74
129
130                <category android:name="android.intent.category.DEFAULT" />
130-->src/main/AndroidManifest.xml:110:17-76
130-->src/main/AndroidManifest.xml:110:27-73
131            </intent-filter>
132
133            <meta-data
133-->src/main/AndroidManifest.xml:112:13-114:59
134                android:name="android.nfc.action.TECH_DISCOVERED"
134-->src/main/AndroidManifest.xml:113:17-66
135                android:resource="@xml/nfc_tech_filter" />
135-->src/main/AndroidManifest.xml:114:17-56
136        </activity>
137        <activity
137-->src/main/AndroidManifest.xml:117:9-124:20
138            android:name="com.example.zkpapp.AuthActivity"
138-->src/main/AndroidManifest.xml:118:13-41
139            android:exported="true" >
139-->src/main/AndroidManifest.xml:119:13-36
140            <intent-filter>
140-->src/main/AndroidManifest.xml:120:13-123:29
141                <action android:name="android.intent.action.MAIN" />
141-->src/main/AndroidManifest.xml:121:17-69
141-->src/main/AndroidManifest.xml:121:25-66
142
143                <category android:name="android.intent.category.LAUNCHER" />
143-->src/main/AndroidManifest.xml:122:17-77
143-->src/main/AndroidManifest.xml:122:27-74
144            </intent-filter>
145        </activity>
146
147        <service
147-->[androidx.camera:camera-camera2:1.3.1] AndroidManifest.xml:24:9-33:19
148            android:name="androidx.camera.core.impl.MetadataHolderService"
148-->[androidx.camera:camera-camera2:1.3.1] AndroidManifest.xml:25:13-75
149            android:enabled="false"
149-->[androidx.camera:camera-camera2:1.3.1] AndroidManifest.xml:26:13-36
150            android:exported="false" >
150-->[androidx.camera:camera-camera2:1.3.1] AndroidManifest.xml:27:13-37
151            <meta-data
151-->[androidx.camera:camera-camera2:1.3.1] AndroidManifest.xml:30:13-32:89
152                android:name="androidx.camera.core.impl.MetadataHolderService.DEFAULT_CONFIG_PROVIDER"
152-->[androidx.camera:camera-camera2:1.3.1] AndroidManifest.xml:31:17-103
153                android:value="androidx.camera.camera2.Camera2Config$DefaultProvider" />
153-->[androidx.camera:camera-camera2:1.3.1] AndroidManifest.xml:32:17-86
154        </service>
155        <service
155-->[com.google.android.gms:play-services-mlkit-text-recognition-common:19.0.0] AndroidManifest.xml:9:9-15:19
156            android:name="com.google.mlkit.common.internal.MlKitComponentDiscoveryService"
156-->[com.google.android.gms:play-services-mlkit-text-recognition-common:19.0.0] AndroidManifest.xml:10:13-91
157            android:directBootAware="true"
157-->[com.google.mlkit:common:18.8.0] AndroidManifest.xml:17:13-43
158            android:exported="false" >
158-->[com.google.android.gms:play-services-mlkit-text-recognition-common:19.0.0] AndroidManifest.xml:11:13-37
159            <meta-data
159-->[com.google.android.gms:play-services-mlkit-text-recognition-common:19.0.0] AndroidManifest.xml:12:13-14:85
160                android:name="com.google.firebase.components:com.google.mlkit.vision.text.internal.TextRegistrar"
160-->[com.google.android.gms:play-services-mlkit-text-recognition-common:19.0.0] AndroidManifest.xml:13:17-114
161                android:value="com.google.firebase.components.ComponentRegistrar" />
161-->[com.google.android.gms:play-services-mlkit-text-recognition-common:19.0.0] AndroidManifest.xml:14:17-82
162            <meta-data
162-->[com.google.android.gms:play-services-mlkit-barcode-scanning:18.2.0] AndroidManifest.xml:12:13-14:85
163                android:name="com.google.firebase.components:com.google.mlkit.vision.barcode.internal.BarcodeRegistrar"
163-->[com.google.android.gms:play-services-mlkit-barcode-scanning:18.2.0] AndroidManifest.xml:13:17-120
164                android:value="com.google.firebase.components.ComponentRegistrar" />
164-->[com.google.android.gms:play-services-mlkit-barcode-scanning:18.2.0] AndroidManifest.xml:14:17-82
165            <meta-data
165-->[com.google.mlkit:vision-common:17.3.0] AndroidManifest.xml:12:13-14:85
166                android:name="com.google.firebase.components:com.google.mlkit.vision.common.internal.VisionCommonRegistrar"
166-->[com.google.mlkit:vision-common:17.3.0] AndroidManifest.xml:13:17-124
167                android:value="com.google.firebase.components.ComponentRegistrar" />
167-->[com.google.mlkit:vision-common:17.3.0] AndroidManifest.xml:14:17-82
168            <meta-data
168-->[com.google.mlkit:common:18.8.0] AndroidManifest.xml:20:13-22:85
169                android:name="com.google.firebase.components:com.google.mlkit.common.internal.CommonComponentRegistrar"
169-->[com.google.mlkit:common:18.8.0] AndroidManifest.xml:21:17-120
170                android:value="com.google.firebase.components.ComponentRegistrar" />
170-->[com.google.mlkit:common:18.8.0] AndroidManifest.xml:22:17-82
171        </service>
172
173        <provider
173-->[com.google.mlkit:common:18.8.0] AndroidManifest.xml:9:9-13:38
174            android:name="com.google.mlkit.common.internal.MlKitInitProvider"
174-->[com.google.mlkit:common:18.8.0] AndroidManifest.xml:10:13-78
175            android:authorities="com.example.zkpapp.mlkitinitprovider"
175-->[com.google.mlkit:common:18.8.0] AndroidManifest.xml:11:13-69
176            android:exported="false"
176-->[com.google.mlkit:common:18.8.0] AndroidManifest.xml:12:13-37
177            android:initOrder="99" />
177-->[com.google.mlkit:common:18.8.0] AndroidManifest.xml:13:13-35
178
179        <activity
179-->[com.google.android.gms:play-services-base:18.1.0] AndroidManifest.xml:20:9-22:45
180            android:name="com.google.android.gms.common.api.GoogleApiActivity"
180-->[com.google.android.gms:play-services-base:18.1.0] AndroidManifest.xml:20:19-85
181            android:exported="false"
181-->[com.google.android.gms:play-services-base:18.1.0] AndroidManifest.xml:22:19-43
182            android:theme="@android:style/Theme.Translucent.NoTitleBar" />
182-->[com.google.android.gms:play-services-base:18.1.0] AndroidManifest.xml:21:19-78
183
184        <meta-data
184-->[com.google.android.gms:play-services-basement:18.1.0] AndroidManifest.xml:21:9-23:69
185            android:name="com.google.android.gms.version"
185-->[com.google.android.gms:play-services-basement:18.1.0] AndroidManifest.xml:22:13-58
186            android:value="@integer/google_play_services_version" />
186-->[com.google.android.gms:play-services-basement:18.1.0] AndroidManifest.xml:23:13-66
187
188        <provider
188-->[androidx.emoji2:emoji2:1.3.0] AndroidManifest.xml:24:9-32:20
189            android:name="androidx.startup.InitializationProvider"
189-->[androidx.emoji2:emoji2:1.3.0] AndroidManifest.xml:25:13-67
190            android:authorities="com.example.zkpapp.androidx-startup"
190-->[androidx.emoji2:emoji2:1.3.0] AndroidManifest.xml:26:13-68
191            android:exported="false" >
191-->[androidx.emoji2:emoji2:1.3.0] AndroidManifest.xml:27:13-37
192            <meta-data
192-->[androidx.emoji2:emoji2:1.3.0] AndroidManifest.xml:29:13-31:52
193                android:name="androidx.emoji2.text.EmojiCompatInitializer"
193-->[androidx.emoji2:emoji2:1.3.0] AndroidManifest.xml:30:17-75
194                android:value="androidx.startup" />
194-->[androidx.emoji2:emoji2:1.3.0] AndroidManifest.xml:31:17-49
195            <meta-data
195-->[androidx.lifecycle:lifecycle-process:2.8.3] AndroidManifest.xml:29:13-31:52
196                android:name="androidx.lifecycle.ProcessLifecycleInitializer"
196-->[androidx.lifecycle:lifecycle-process:2.8.3] AndroidManifest.xml:30:17-78
197                android:value="androidx.startup" />
197-->[androidx.lifecycle:lifecycle-process:2.8.3] AndroidManifest.xml:31:17-49
198            <meta-data
198-->[androidx.profileinstaller:profileinstaller:1.3.1] AndroidManifest.xml:29:13-31:52
199                android:name="androidx.profileinstaller.ProfileInstallerInitializer"
199-->[androidx.profileinstaller:profileinstaller:1.3.1] AndroidManifest.xml:30:17-85
200                android:value="androidx.startup" />
200-->[androidx.profileinstaller:profileinstaller:1.3.1] AndroidManifest.xml:31:17-49
201        </provider>
202
203        <service
203-->[com.google.android.datatransport:transport-backend-cct:2.3.3] AndroidManifest.xml:29:9-35:19
204            android:name="com.google.android.datatransport.runtime.backends.TransportBackendDiscovery"
204-->[com.google.android.datatransport:transport-backend-cct:2.3.3] AndroidManifest.xml:30:13-103
205            android:exported="false" >
205-->[com.google.android.datatransport:transport-backend-cct:2.3.3] AndroidManifest.xml:31:13-37
206            <meta-data
206-->[com.google.android.datatransport:transport-backend-cct:2.3.3] AndroidManifest.xml:32:13-34:39
207                android:name="backend:com.google.android.datatransport.cct.CctBackendFactory"
207-->[com.google.android.datatransport:transport-backend-cct:2.3.3] AndroidManifest.xml:33:17-94
208                android:value="cct" />
208-->[com.google.android.datatransport:transport-backend-cct:2.3.3] AndroidManifest.xml:34:17-36
209        </service>
210        <service
210-->[com.google.android.datatransport:transport-runtime:2.2.6] AndroidManifest.xml:26:9-30:19
211            android:name="com.google.android.datatransport.runtime.scheduling.jobscheduling.JobInfoSchedulerService"
211-->[com.google.android.datatransport:transport-runtime:2.2.6] AndroidManifest.xml:27:13-117
212            android:exported="false"
212-->[com.google.android.datatransport:transport-runtime:2.2.6] AndroidManifest.xml:28:13-37
213            android:permission="android.permission.BIND_JOB_SERVICE" >
213-->[com.google.android.datatransport:transport-runtime:2.2.6] AndroidManifest.xml:29:13-69
214        </service>
215
216        <receiver
216-->[com.google.android.datatransport:transport-runtime:2.2.6] AndroidManifest.xml:32:9-34:40
217            android:name="com.google.android.datatransport.runtime.scheduling.jobscheduling.AlarmManagerSchedulerBroadcastReceiver"
217-->[com.google.android.datatransport:transport-runtime:2.2.6] AndroidManifest.xml:33:13-132
218            android:exported="false" />
218-->[com.google.android.datatransport:transport-runtime:2.2.6] AndroidManifest.xml:34:13-37
219        <receiver
219-->[androidx.profileinstaller:profileinstaller:1.3.1] AndroidManifest.xml:34:9-52:20
220            android:name="androidx.profileinstaller.ProfileInstallReceiver"
220-->[androidx.profileinstaller:profileinstaller:1.3.1] AndroidManifest.xml:35:13-76
221            android:directBootAware="false"
221-->[androidx.profileinstaller:profileinstaller:1.3.1] AndroidManifest.xml:36:13-44
222            android:enabled="true"
222-->[androidx.profileinstaller:profileinstaller:1.3.1] AndroidManifest.xml:37:13-35
223            android:exported="true"
223-->[androidx.profileinstaller:profileinstaller:1.3.1] AndroidManifest.xml:38:13-36
224            android:permission="android.permission.DUMP" >
224-->[androidx.profileinstaller:profileinstaller:1.3.1] AndroidManifest.xml:39:13-57
225            <intent-filter>
225-->[androidx.profileinstaller:profileinstaller:1.3.1] AndroidManifest.xml:40:13-42:29
226                <action android:name="androidx.profileinstaller.action.INSTALL_PROFILE" />
226-->[androidx.profileinstaller:profileinstaller:1.3.1] AndroidManifest.xml:41:17-91
226-->[androidx.profileinstaller:profileinstaller:1.3.1] AndroidManifest.xml:41:25-88
227            </intent-filter>
228            <intent-filter>
228-->[androidx.profileinstaller:profileinstaller:1.3.1] AndroidManifest.xml:43:13-45:29
229                <action android:name="androidx.profileinstaller.action.SKIP_FILE" />
229-->[androidx.profileinstaller:profileinstaller:1.3.1] AndroidManifest.xml:44:17-85
229-->[androidx.profileinstaller:profileinstaller:1.3.1] AndroidManifest.xml:44:25-82
230            </intent-filter>
231            <intent-filter>
231-->[androidx.profileinstaller:profileinstaller:1.3.1] AndroidManifest.xml:46:13-48:29
232                <action android:name="androidx.profileinstaller.action.SAVE_PROFILE" />
232-->[androidx.profileinstaller:profileinstaller:1.3.1] AndroidManifest.xml:47:17-88
232-->[androidx.profileinstaller:profileinstaller:1.3.1] AndroidManifest.xml:47:25-85
233            </intent-filter>
234            <intent-filter>
234-->[androidx.profileinstaller:profileinstaller:1.3.1] AndroidManifest.xml:49:13-51:29
235                <action android:name="androidx.profileinstaller.action.BENCHMARK_OPERATION" />
235-->[androidx.profileinstaller:profileinstaller:1.3.1] AndroidManifest.xml:50:17-95
235-->[androidx.profileinstaller:profileinstaller:1.3.1] AndroidManifest.xml:50:25-92
236            </intent-filter>
237        </receiver>
238
239        <activity
239-->[com.journeyapps:zxing-android-embedded:4.3.0] AndroidManifest.xml:47:9-53:63
240            android:name="com.journeyapps.barcodescanner.CaptureActivity"
240-->[com.journeyapps:zxing-android-embedded:4.3.0] AndroidManifest.xml:48:13-74
241            android:clearTaskOnLaunch="true"
241-->[com.journeyapps:zxing-android-embedded:4.3.0] AndroidManifest.xml:49:13-45
242            android:screenOrientation="sensorLandscape"
242-->[com.journeyapps:zxing-android-embedded:4.3.0] AndroidManifest.xml:50:13-56
243            android:stateNotNeeded="true"
243-->[com.journeyapps:zxing-android-embedded:4.3.0] AndroidManifest.xml:51:13-42
244            android:theme="@style/zxing_CaptureTheme"
244-->[com.journeyapps:zxing-android-embedded:4.3.0] AndroidManifest.xml:52:13-54
245            android:windowSoftInputMode="stateAlwaysHidden" />
245-->[com.journeyapps:zxing-android-embedded:4.3.0] AndroidManifest.xml:53:13-60
246    </application>
247
248</manifest>